         w __deregister_frame_info
         w __register_frame_info
         w userAppExit
         w userAppInit
00000000 00000401 B __ctru_dev_path_buf
00000000 a shift
00000000 a shift
00000000 b _TLS_MODULE_BASE_
00000404 00000802 B __ctru_dev_utf16_buf
00100000 A __start__
00100000 T _start
00100008 T __service_ptr
0010000c T __apt_appid
00100010 T __heap_size
00100014 T __linear_heap_size
00100018 T __system_arglist
0010001c T __system_runflags
00100020 t startup
00100058 t ClearMem
0010006c t ClrLoop
00100094 T _init
001000ac T __aeabi_idiv
001000ac 00000220 T __divsi3
001000b4 t .divsi3_skip_div0_test
001002cc 00000020 T __aeabi_idivmod
001002ec 00000004 W __aeabi_idiv0
001002ec 00000004 W __aeabi_ldiv0
001002f0 T __aeabi_ldivmod
001003c4 T __aeabi_uldivmod
00100408 00000390 T strcmp
00100790 T __aeabi_uidiv
00100790 000001ec T __udivsi3
00100790 t .udivsi3_skip_div0_test
0010097c 00000020 T __aeabi_uidivmod
0010099c T __aeabi_drsub
001009a4 000002b0 T __aeabi_dsub
001009a4 000002b0 T __subdf3
001009a8 000002ac T __adddf3
001009a8 000002ac T __aeabi_dadd
00100c54 00000024 T __aeabi_ui2d
00100c54 00000024 T __floatunsidf
00100c78 00000028 T __aeabi_i2d
00100c78 00000028 T __floatsidf
00100ca0 00000048 T __aeabi_f2d
00100ca0 00000048 T __extendsfdf2
00100ce8 00000074 T __aeabi_ul2d
00100ce8 00000074 T __floatundidf
00100cfc 00000060 T __aeabi_l2d
00100cfc 00000060 T __floatdidf
00100d5c t __do_global_dtors_aux
00100d9c t frame_dummy
00100dc8 00000054 T createFolders
00100e20 000000f0 T setupBuffs
00100f10 00000028 T sceneExit
00100f38 000003a0 T updateState
001012d8 0000017c T subDisplay
00101454 00000088 T addfolder
001014dc 00000060 T addfolderhead
0010153c 000000e4 T main
00101620 00000158 T mainDisplay
00101778 00000004 W C3Di_LightEnvUpdate
0010177c 00000004 W C3Di_LightEnvDirty
00101780 00000004 W C3Di_ProcTexUpdate
00101784 00000004 W C3Di_ProcTexDirty
00101788 000000b4 t C3Di_AptEventHook
0010183c 00000004 W C3Di_GasUpdate
00101840 000001e0 T C3D_Init
00101a20 00000098 T C3D_SetViewport
00101ab8 000004ec T C3Di_UpdateContext
00101fa4 000000e0 T C3Di_SplitFrame
00102084 00000044 T C3D_Fini
001020c8 00000108 T C3D_BindProgram
001021d0 0000004c t onVBlank0
0010221c 0000004c t onVBlank1
00102268 00000080 t C3Di_RenderTargetDestroy
001022e8 000000f4 t onQueueFinish
001023dc 00000038 T C3Di_RenderQueueEnableVBlank
00102414 00000030 T C3Di_RenderQueueDisableVBlank
00102444 00000060 T C3Di_RenderQueueInit
001024a4 000000b0 T C3Di_RenderQueueExit
00102554 00000034 T C3Di_RenderQueueWaitDone
00102588 000000e4 T C3D_FrameBegin
0010266c 00000048 T C3D_FrameDrawOn
001026b4 000001d8 T C3D_FrameEnd
0010288c 00000128 T C3D_RenderTargetCreate
001029b4 000000a8 T C3D_RenderTargetSetOutput
00102a5c 0000016c T C3Di_SetTex
00102bc8 0000001c T C3D_CalcColorBufSize
00102be4 0000001c T C3D_CalcDepthBufSize
00102c00 00000044 T C3D_SetFrameBuf
00102c44 0000016c T C3Di_FrameBufBind
00102db0 000000cc T C3D_FrameBufClear
00102e7c 00000044 T C3D_FrameBufTransfer
00102ec0 00000024 T C3Di_TexEnvBind
00102ee4 00000024 T BufInfo_Init
00102f08 00000080 T BufInfo_Add
00102f88 00000020 T C3D_GetBufInfo
00102fa8 00000048 T C3Di_BufInfoBind
00102ff0 00000148 T C3D_DrawArrays
00103138 00000040 T C3D_DepthMap
00103178 0000001c T C3D_CullFace
00103194 00000040 T C3D_StencilTest
001031d4 00000024 T C3D_StencilOp
001031f8 0000001c T C3D_BlendingColor
00103214 00000024 T C3D_EarlyDepthTest
00103238 0000002c T C3D_DepthTest
00103264 0000002c T C3D_AlphaTest
00103290 00000050 T C3D_AlphaBlend
001032e0 00000030 T C3D_FragOpMode
00103310 00000044 T C3D_FragOpShadow
00103354 000001ac T C3Di_EffectBind
00103500 00000028 T AttrInfo_Init
00103528 00000098 T AttrInfo_AddLoader
001035c0 00000020 T C3D_GetAttrInfo
001035e0 00000080 T C3Di_AttrInfoBind
00103660 000000a8 T C3D_ImmSendAttrib
00103708 0000029c T C3D_UpdateUniforms
001039a4 000000c0 T C3Di_DirtyUniforms
00103a64 000000d8 T C3Di_LoadShaderUniforms
00103b3c 00000028 T C3Di_ClearShaderUniforms
00103b64 00000094 T Mtx_PerspTilt
00103bf8 000000a0 T Mtx_Translate
00103c98 00000024 t addrMapNodeComparator(rbtree_node const*, rbtree_node const*)
00103cbc 00000004 t addrMapNodeDestructor(rbtree_node*)
00103cc0 00000114 T vramMemAlign
00103dd4 00000008 T vramAlloc
00103ddc 0000005c T vramFree
00103e38 00000024 t addrMapNodeComparator(rbtree_node const*, rbtree_node const*)
00103e5c 00000004 t addrMapNodeDestructor(rbtree_node*)
00103e60 00000120 T linearMemAlign
00103f80 00000008 T linearAlloc
00103f88 0000005c T linearFree
00103fe4 00000084 T MemPool::CoalesceRight(MemBlock*)
00104068 00000170 T MemPool::Allocate(MemChunk&, unsigned long, int)
001041d8 000000fc T MemPool::Deallocate(MemChunk const&)
001042d4 00000074 T osConvertVirtToPhys
00104348 00000054 T osGetTimeRef
0010439c 000000e4 T osGetTime
00104480 00000074 T __libctru_gtod
001044f4 00000034 T __ctru_speedup_config
00104528 00000178 T consoleDrawChar
001046a0 00000124 T consolePrintChar
001047c4 00000a00 T con_write
001051c4 00000168 T consoleInit
0010532c 000000f4 t newRow
00105420 000000d0 t gfxPresentFramebuffer
001054f0 0000001c T gfxIsWide
0010550c 000000ec T gfxSetScreenFormat
001055f8 00000010 T gfxSetDoubleBuffering
00105608 00000108 T gfxInit
00105710 00000010 T gfxInitDefault
00105720 000000b4 T gfxExit
001057d4 000000a0 T gfxGetFramebuffer
00105874 0000010c T gfxFlushBuffers
00105980 00000030 T gfxScreenSwapBuffers
001059b0 00000050 T gfxSwapBuffersGpu
00105a00 000001e0 T shaderInstanceInit
00105be0 00000018 T shaderInstanceGetUniformLocation
00105bf8 0000001c T shaderProgramInit
00105c14 00000064 T shaderProgramFree
00105c78 00000080 T shaderProgramSetVsh
00105cf8 000008c0 T shaderProgramConfigure
001065b8 000001f8 t DVLE_GenerateOutmap.part.0
001067b0 000001cc T DVLB_ParseFile
0010697c 00000038 T DVLB_Free
001069b4 00000074 T DVLE_GetUniformRegister
00106a28 00000010 T GX_BindQueue
00106a38 00000078 T GX_ProcessCommandList
00106ab0 00000074 T GX_MemoryFill
00106b24 00000070 T GX_DisplayTransfer
00106b94 00000068 t gxCmdQueueDoCommands.part.0
00106bfc 000000c8 T gxCmdQueueInterrupt
00106cc4 0000004c T gxCmdQueueClear
00106d10 000000f8 T gxCmdQueueAdd
00106e08 00000080 T gxCmdQueueRun
00106e88 00000060 T gxCmdQueueStop
00106ee8 00000074 T gxCmdQueueWait
00106f5c 0000013c T GPUCMD_Add
00107098 000000ac T GPUCMD_Split
00107144 00000040 T f32tof16
00107184 00000040 T f32tof24
001071c4 00000044 T f32tof31
00107208 00000c58 t gspHardwareInit
00107e60 00000254 T gspInit
001080b4 000000f0 T gspExit
001081a4 00000010 T gspHasGpuRight
001081b4 00000098 T gspPresentBuffer
0010824c 00000030 T gspSetEventCallback
0010827c 00000050 T gspWaitForEvent
001082cc 0000004c T gspWaitForAnyEvent
00108318 00000160 t gspEventThreadMain
00108478 00000130 T gspSubmitGxCommand
001085a8 00000050 T GSPGPU_FlushDataCache
001085f8 00000034 T GSPGPU_SetLcdForceBlack
0010862c 00000068 T GSPGPU_AcquireRight
00108694 00000048 T GSPGPU_ReleaseRight
001086dc 0000007c T GSPGPU_ImportDisplayCaptureInfo
00108758 0000002c T GSPGPU_SaveVramSysArea
00108784 0000002c T GSPGPU_RestoreVramSysArea
001087b0 000001b0 t aptConvertScreenForCapture
00108960 00000008 W aptDspSleep
00108968 00000004 W aptDspWakeup
0010896c 00000004 W aptDspCancel
00108970 0000015c T aptSendCommand
00108acc 00000038 t aptExitProcess
00108b04 000002f0 T aptExit
00108df4 000000d8 T aptHandleSleep
00108ecc 00000030 T aptHook
00108efc 00000030 T aptUnhook
00108f2c 00000084 T APT_SleepIfShellClosed
00108fb0 00000084 T aptSetSleepAllowed
00109034 00000084 T APT_UnlockTransition
001090b8 00000484 t aptEventHandler
0010953c 000000b0 T APT_ReceiveParameter
001095ec 000000b0 t aptReceiveParameter.constprop.0
001096a0 000002bc t aptScreenTransfer
0010995c 000002d0 t aptWaitForWakeUp.isra.0
00109c2c 000000f8 T aptJumpToHomeMenu
00109d24 0000004c T aptMainLoop
00109d70 00000234 T aptInit
00109fa4 0000007c T APT_CheckNew3DS
0010a020 00000024 W hidShouldUseIrrst
0010a044 0000018c T hidInit
0010a1d0 000000e8 T hidExit
0010a2b8 00000294 T hidScanInput
0010a54c 00000010 T hidKeysDown
0010a55c 00000018 T hidTouchRead
0010a574 00000074 T ptmSysmInit
0010a5e8 0000003c T ptmSysmExit
0010a624 00000034 T PTMSYSM_ConfigureNew3DSCPU
0010a658 00000010 T rbtree_init
0010a668 000001a0 t do_insert
0010a808 00000008 T rbtree_insert
0010a810 00000090 T rbtree_rotate
0010a8a0 00000338 T rbtree_remove
0010abd8 00000074 T rbtree_find
0010ac50 000001e0 W __system_allocateHeaps
0010ae30 00000038 W __libctru_init
0010ae68 000000f0 W __system_initArgv
0010af58 T svcControlMemory
0010af78 T svcQueryMemory
0010afa8 T svcExitProcess
0010afb0 T svcCreateThread
0010afd0 T svcExitThread
0010afd8 T svcSleepThread
0010afe0 T svcReleaseMutex
0010afe8 T svcCreateEvent
0010affc T svcSignalEvent
0010b004 T svcClearEvent
0010b00c T svcMapMemoryBlock
0010b014 T svcUnmapMemoryBlock
0010b01c T svcCreateAddressArbiter
0010b030 T svcArbitrateAddressNoTimeout
0010b038 T svcCloseHandle
0010b040 T svcWaitSynchronization
0010b048 T svcWaitSynchronizationN
0010b070 T svcDuplicateHandle
0010b084 T svcGetSystemTick
0010b08c T svcConnectToPort
0010b0a0 T svcSendSyncRequest
0010b0a8 T svcGetResourceLimit
0010b0bc T svcGetResourceLimitLimitValues
0010b0c4 T svcGetResourceLimitCurrentValues
0010b0cc T svcBreak
0010b0d4 W initSystem
0010b124 W __ctru_exit
0010b13c 0000000c T __sync_init
0010b148 00000018 T __sync_fini
0010b160 0000002c T syncArbitrateAddress
0010b18c 0000001c T LightLock_Init
0010b1a8 00000094 T LightLock_Lock
0010b23c 00000044 T LightLock_TryLock
0010b280 00000040 T LightLock_Unlock
0010b2c0 00000024 T RecursiveLock_Init
0010b2e4 00000030 T RecursiveLock_Lock
0010b314 00000078 T RecursiveLock_TryLock
0010b38c 00000054 T RecursiveLock_Unlock
0010b3e0 00000040 T LightEvent_Init
0010b420 000000a4 T LightEvent_Clear
0010b4c4 000000c8 T LightEvent_Signal
0010b58c 00000058 T LightEvent_TryWait
0010b5e4 000000b0 T LightEvent_Wait
0010b694 00000124 T srvInit
0010b7b8 00000058 T srvExit
0010b810 00000080 T srvGetServiceHandleDirect
0010b890 00000048 T srvGetServiceHandle
0010b8d8 00000038 T srvPublishToSubscriber
0010b910 00000188 T threadCreate
0010ba98 0000002c T threadFree
0010bac4 00000024 T threadJoin
0010bae8 00000030 T threadGetCurrent
0010bb18 00000040 T threadExit
0010bb58 00000044 t _thread_begin
0010bb9c 00000094 t mappableFindAddressWithin
0010bc30 00000028 T mappableInit
0010bc58 00000080 T mappableAlloc
0010bcd8 00000004 T mappableFree
0010bcdc 00000160 T irrstInit
0010be3c 000000cc T irrstExit
0010bf08 000000b0 T irrstScanInput
0010bfb8 00000024 T irrstKeysHeld
0010bfdc 0000000c T srvPmGetSessionHandle
0010bfe8 00000050 T rbtree_node_next
0010c038 00000030 W __appInit
0010c068 00000030 t __libctru_nanosleep
0010c098 00000030 t __libctru_get_reent
0010c0c8 000000f8 T __system_initSyscalls
0010c1c0 00000030 W __appExit
0010c1f0 00000090 W __libctru_exit
0010c280 00000084 W envGetHandle
0010c304 00000050 W envDestroyHandles
0010c354 00000014 t archive_link
0010c368 00000014 t archive_dirreset
0010c37c 00000014 t archive_chmod
0010c390 00000024 t error_cmp
0010c3b4 00000050 t archive_translate_error
0010c404 000000d4 t archive_seek
0010c4d8 0000007c t _archiveInit.part.0
0010c554 0000008c t archiveFindDevice.part.0
0010c5e0 00000294 t archive_utf16path
0010c874 000000a0 t _archiveUnmountDeviceStruct.part.0
0010c914 00000014 t archive_fchmod
0010c928 00000014 t archive_statvfs
0010c93c 00000158 t _archiveMountDevice
0010ca94 000000e8 t archive_diropen
0010cb7c 000000a4 t archive_fstat
0010cc20 0000006c t archive_close
0010cc8c 0000006c t archive_fsync
0010ccf8 00000070 t archive_dirclose
0010cd68 000000e8 t sdmc_statvfs
0010ce50 00000080 t archive_ftruncate
0010ced0 000000fc t archive_chdir
0010cfcc 000000b0 t archive_read
0010d07c 000000ac t archive_unlink
0010d128 000000c8 t archive_rmdir
0010d1f0 000000ec t archive_mkdir
0010d2dc 000001a8 t archive_stat
0010d484 00000184 t archive_rename
0010d608 00000168 t archive_dirnext
0010d770 0000012c t archive_write
0010d89c 000001f0 t archive_open
0010da8c 000001a4 T archiveMountSdmc
0010dc30 00000054 T archiveUnmountAll
0010dc84 000000c8 T fsInit
0010dd4c 0000003c T fsExit
0010dd88 00000060 T fsExemptFromSession
0010dde8 00000050 T fsUnexemptFromSession
0010de38 000000cc T FSUSER_OpenFile
0010df04 000000bc T FSUSER_DeleteFile
0010dfc0 000000f8 T FSUSER_RenameFile
0010e0b8 000000bc T FSUSER_DeleteDirectory
0010e174 000000d4 T FSUSER_CreateFile
0010e248 000000c4 T FSUSER_CreateDirectory
0010e30c 000000f8 T FSUSER_RenameDirectory
0010e404 000000b4 T FSUSER_OpenDirectory
0010e4b8 00000094 T FSUSER_OpenArchive
0010e54c 0000008c T FSUSER_CloseArchive
0010e5d8 00000074 T FSUSER_GetSdmcArchiveResource
0010e64c 00000064 T FSUSER_IsSdmcWritable
0010e6b0 00000058 T FSFILE_Read
0010e708 00000060 T FSFILE_Write
0010e768 00000038 T FSFILE_GetSize
0010e7a0 00000028 T FSFILE_SetSize
0010e7c8 0000003c T FSFILE_Close
0010e804 00000024 T FSFILE_Flush
0010e828 00000050 T FSDIR_Read
0010e878 0000003c T FSDIR_Close
0010e8b4 000000e8 T utf16_to_utf8
0010e99c 00000064 T decode_utf16
0010ea00 0000013c T decode_utf8
0010eb3c 000000c0 T utf8_to_utf16
0010ebfc T __aeabi_read_tp
0010ec08 00000060 T encode_utf16
0010ec68 000000fc T encode_utf8
0010ed64 00000070 T tanf
0010edd4 000002f0 T __ieee754_rem_pio2f
0010f0c4 00000868 T __kernel_rem_pio2f
0010f92c 00000208 T __kernel_tanf
0010fb34 00000010 T fabsf
0010fb44 000000b4 T floorf
0010fbf8 00000154 T scalbnf
0010fd4c 00000120 T __udivmoddi4
0010fe6c 00000078 T bsearch
0010fee4 00000028 T calloc
0010ff0c 00000094 T _calloc_r
0010ffa0 0000000c T __errno
0010ffac 00000034 T exit
0010ffe0 0000003c T __libc_fini_array
0011001c 0000007c T __libc_init_array
00110098 00000028 T memalign
001100c0 00000148 T _memalign_r
00110208 00000020 T malloc
00110228 00000020 T free
00110248 000007f0 T _malloc_r
00110a38 000000e0 T memchr
00110b18 0000011c T memcpy
00110c34 00000118 T memset
00110d4c 0000000c T __malloc_lock
00110d58 0000000c T __malloc_unlock
00110d64 00000034 T printf
00110d98 00000260 T setvbuf
00110ff8 00000074 T sscanf
0011106c 00000044 T __sread
001110b0 00000008 T __seofread
001110b8 00000068 T __swrite
00111120 00000048 T __sseek
00111168 00000008 T __sclose
00111170 0000005c T strlen
001111cc 000000ec T strncat
001112b8 000000dc T strncmp
00111394 000000c0 T strncpy
00111454 00000048 T strnlen
0011149c 00000050 t get_arg
001114ec 00002b68 T __ssvfscanf_r
00114054 0000064c t get_arg
001146a0 00000034 T __sprint_r
001146d4 00002584 T _vfiprintf_r
00116c58 000000d4 t __sbprintf
00116d2c 0000064c t get_arg
00117378 000038d4 T _vfprintf_r
0011ac4c 000000d4 t __sbprintf
0011ad20 00000054 T _wcrtomb_r
0011ad74 00000028 T _wcsrtombs_r
0011ad9c 00000154 T __swsetup_r
0011aef0 00000114 T __call_exitprocs
0011b004 000001a8 t quorem
0011b1b0 000012ec T _dtoa_r
0011c49c 00000258 T __sflush_r
0011c6f4 00000094 T _fflush_r
0011c788 0000000c T _cleanup_r
0011c794 00000184 T __sinit
0011c918 0000000c T __sfp_lock_acquire
0011c924 0000000c T __sfp_lock_release
0011c930 000000f8 T _malloc_trim_r
0011ca28 000002e4 T _free_r
0011cd0c 000004a4 T __sfvwrite_r
0011d1b0 00000070 T _fwalk_reent
0011d220 00000008 T iswspace
0011d228 0000000c T _localeconv_r
0011d234 00000010 T __locale_mb_cur_max
0011d244 00000138 T __smakebuf_r
0011d37c 00000094 T __swhatbuf_r
0011d410 00000068 T _mbrtowc_r
0011d478 000002fc T __utf8_mbtowc
0011d774 00000154 T memmove
0011d8c8 00000088 T _Balloc
0011d950 0000001c T _Bfree
0011d96c 000000f4 T __multadd
0011da60 00000110 T __s2b
0011db70 00000058 T __hi0bits
0011dbc8 0000009c T __lo0bits
0011dc64 000000a4 T __i2b
0011dd08 00000204 T __multiply
0011df0c 00000120 T __pow5mult
0011e02c 0000013c T __lshift
0011e168 00000058 T __mcmp
0011e1c0 000001cc T __mdiff
0011e38c 00000088 T __ulp
0011e414 000000d4 T __b2d
0011e4e8 0000012c T __d2b
0011e614 00000078 T __ratio
0011e68c 00000088 T __copybits
0011e714 0000005c T __any_on
0011e770 00000028 T realloc
0011e798 00000598 T _realloc_r
0011ed30 000000e4 T __sccl
0011ee14 0000000c T nanf
0011ee20 000000a8 T frexp
0011eec8 00000064 T sprintf
0011ef2c 000000b8 T stpncpy
0011efe4 00000144 T strchr
0011f128 0000130c T _strtod_l
00120434 0000000c T _strtod_r
00120440 0000022c t _strtoll_l.constprop.0
0012066c 00000004 T _strtoll_r
00120670 000001b0 t _strtol_l.part.0
00120820 0000003c T _strtol_r
0012085c 00000244 t _strtoull_l.constprop.0
00120aa0 00000004 T _strtoull_r
00120aa4 000001c8 t _strtoul_l.constprop.0
00120c6c 00000004 T _strtoul_r
00120c70 00000188 T __ssprint_r
00120df8 000000e0 T _sungetc_r
00120ed8 0000006c T __ssrefill_r
00120f44 000000c8 T _sfread_r
0012100c 0000064c t get_arg
00121658 00003808 T _svfprintf_r
00124e60 000000a8 T __submore
00124f08 00000190 T _wcsnrtombs_l
00125098 0000004c T _wcsnrtombs_r
001250e4 000000f0 T __utf8_wctomb
001251d4 0000005c T __assert_func
00125230 00000160 T _fclose_r
00125390 0000003c T fiprintf
001253cc 000000ec t rshift
001254b8 00000928 T __gethex
00125de0 0000004c T __match
00125e2c 0000029c T __hexnan
001260c8 0000003c T iswspace_l
00126104 000001d4 t __jp2uc
001262d8 0000009c T _jp2uc_l
00126378 00000010 T nan
00126388 00000014 T abort
0012639c 00000084 T category
00126420 00000098 T _raise_r
001264b8 00000020 T raise
001264d8 00000008 t null_write
001264e0 00000018 T setDefaultDevice
001264f8 000000c8 T FindDevice
001265c0 00000028 T RemoveDevice
001265e8 0000009c T AddDevice
00126684 00000020 T GetDeviceOpTab
001266a4 00000078 T _fstat_r
0012671c 00000014 T _getpid_r
00126730 00000008 T _isatty_r
00126738 00000014 T _kill_r
0012674c 00000084 T _lseek_r
001267d0 00000080 T _read_r
00126850 00000078 T _sbrk_r
001268c8 00000080 T _write_r
00126948 00000024 T _exit
0012696c 000001b8 T _concatenate_path
00126b24 00000160 T chdir
00126c84 00000008 T __flockfile
00126c8c 00000008 T __funlockfile
00126c94 00000018 T __libc_lock_acquire
00126cac 00000018 T __libc_lock_release
00126cc4 00000018 T __libc_lock_init_recursive
00126cdc 00000018 T __libc_lock_acquire_recursive
00126cf4 00000018 T __libc_lock_release_recursive
00126d0c 00000018 T __libc_lock_close_recursive
00126d24 0000003c T __get_handle
00126d60 000000f4 T _close_r
00126e54 00000028 T __getreent
00126e7c 00000038 T __aeabi_d2lz
00126e7c 00000038 T __fixdfdi
00126eb8 00000040 T __aeabi_d2ulz
00126eb8 00000040 T __fixunsdfdi
00126ef8 00000044 T strrchr
00126f3c T _fini
00127000 00000048 r vertex_list
00127058 R vshader_shbin
00127170 R vshader_shbin_end
00127170 R vshader_shbin_size
00127250 00000005 r colorFmtSizes
00127258 00000004 r depthFmtSizes
001272c0 00000030 r colorTable
001272f0 00000070 r dotab_stdout
00127384 00000008 r morton_x.3
0012738c 00000008 r morton_y.2
00127394 00000008 r s_sleepWakeEvents.4
001273c0 R default_font_bin
00127bc0 R default_font_bin_end
00127bec 00000070 r archive_devoptab
00127c5c 00000030 r error_table
00127c94 00000080 r npio2_hw
00127d14 00000318 r two_over_pi
0012802c 0000002c r PIo2
00128058 0000000c r init_jk
00128064 00000004 R _global_impure_ptr
00128070 00000022 r basefix.0
001280bc 00000010 r blanks.1
001280cc 00000010 r zeroes.0
001280f0 00000010 r blanks.1
00128100 00000010 r zeroes.0
00128110 00000101 R _ctype_
00128224 r .LC2
00128308 00000028 R __mprec_bigtens
00128330 000000c8 R __mprec_tens
001283f8 0000000c r p05.0
00128414 00000014 r fpi.1
00128428 00000014 r fpinan.0
00128440 00000028 r tinytens
00128468 0000006c R __action_table
001284d4 00000100 R __chclass
001285d4 0000006c R __state_table
00128640 00000010 r blanks.1
00128650 00000010 r zeroes.0
001286e8 00000100 R __hexdig
001287fc 000000bc r a1
001288b8 000000bc r a2
00128974 0000005b r a3
001289d0 00000070 r a6
00128a40 000000a2 r a7
00128ae4 00000040 r a8
00128b24 0000172a r b02cf
0012a250 00001a7c r d02f4
0012bccc 0000000c R _C_numeric_locale
0012bcd8 000031e6 r categories
0012eec0 00000070 R dotab_stdnull
0012ef30 r 
0012ef30 R __exidx_end
0012ef30 R __exidx_start
0012f000 00000004 d framerate
0012f004 00000008 d framerateCounter
0012f00c 00000004 D currentConsole
0012f010 0000004c D defaultConsole
0012f05c 00000001 d firstConsoleInit.0
0012f060 00000004 d queueLock
0012f064 00000004 d kCount
0012f068 00000004 d kDelay
0012f06c 00000004 d kInterval
0012f070 W __stacksize__
0012f074 00000004 D _impure_ptr
0012f078 00000460 d impure_data
0012f4d8 00000408 D __malloc_av_
0012f8e0 00000004 D __malloc_sbrk_base
0012f8e4 00000004 D __malloc_trim_threshold
0012f8e8 0000000c d __malloc_recursive_mutex
0012f8f4 0000000c D __atexit_recursive_mutex
0012f900 0000000c d __sfp_recursive_mutex
0012f90c 0000000c d __sinit_recursive_mutex
0012f918 0000016c D __global_locale
0012fa84 00000002 d numempty
0012fa88 00000004 d defaultDevice
0012fa8c 0000008c D devoptab_list
0012fb18 00000400 d _current_working_directory
0012ff18 00000004 d __hndl_lock
0012ff1c 0000000c d __stderr_handle
0012ff28 0000000c d __stdin_handle
0012ff34 0000000c d __stdout_handle
0012ff40 00001000 d handles
00130f48 d _GLOBAL_OFFSET_TABLE_
00130f54 d __frame_dummy_init_array_entry
00130f54 D __init_array_start
00130f54 B __preinit_array_end
00130f54 B __preinit_array_start
00130f54 D __tdata_lma
00130f54 D __tdata_lma_end
00130f58 d __do_global_dtors_aux_fini_array_entry
00130f58 D __fini_array_start
00130f58 D __init_array_end
00130f5c D __bss_start__
00130f5c D __fini_array_end
00130f5c 00000004 b vshader_dvlb
00130f60 00000014 b program
00130f74 00000004 B uLoc_projection
00130f78 00000004 B uLoc_modelview
00130f7c 00000004 b BUFFER_DATA
00130f80 00000040 B P
00130fc0 00000040 B MV
00131000 00000004 b mainfocus
00131004 00000004 b subfocus
00131008 00000004 B headselect
0013100c 00000004 B subselect
00131010 00000001 b i
00131012 00000002 b hold
00131014 00000002 b first
00131016 00000001 b holdcount
00131018 00000002 b ytemp
0013101a 00000001 b tapflag
0013101c 00000002 b peny
0013101e 00000002 b penx
00131020 00000004 B kinghead
00131024 00000004 B kingtail
00131028 b completed.1
0013102c b object.0
00131048 000002d0 B __C3D_Context
00131318 0000000c b hookCookie
00131328 00000010 b cpuTime
00131338 00000004 b firstTarget
0013133c 00000008 b frameCounter
00131344 00000004 b frameEndCb
00131348 00000004 b frameEndCbData
00131350 00000010 b gpuTime
00131360 00000001 b inFrame
00131361 00000001 b inSafeTransfer
00131362 00000001 b isTopStereo
00131364 00000004 b lastTarget
00131368 0000000c b linkedTarget
00131374 00000001 b measureGpuTime
00131375 00000001 b needSwapBot
00131376 00000001 b needSwapTop
00131378 00000004 B C3D_BoolUnifs
0013137c 00000002 B C3D_BoolUnifsDirty
00131380 00000c00 B C3D_FVUnif
00131f80 000000c0 B C3D_FVUnifDirty
00132040 00000020 B C3D_IVUnif
00132060 00000008 B C3D_IVUnifDirty
00132068 000000c0 b C3Di_FVUnifEverDirty
00132128 00000008 b C3Di_IVUnifEverDirty
00132130 00000018 b C3Di_ShaderFVecData
00132148 0000000c b sAddrMap
00132154 00000008 b sVramPool
0013215c 00000008 b sLinearPool
00132164 0000000c b sAddrMap
00132170 00000001 V __ctru_speedup
00132174 0000004c B currentCopy
001321c0 00000004 b gfxBottomFramebufferMaxSize
001321c4 00000008 b gfxBottomFramebuffers
001321cc 00000002 b gfxCurBuf
001321d0 00000002 b gfxFramebufferFormats
001321d4 00000002 b gfxIsDoubleBuf
001321d6 00000001 b gfxIsVram
001321d8 00000004 b gfxTopFramebufferMaxSize
001321dc 00000008 b gfxTopFramebuffers
001321e4 00000001 b gfxTopMode
001321e8 00000004 b screenAlloc
001321ec 00000004 b screenFree
001321f0 00000004 b boundQueue
001321f4 00000004 b curQueue
001321f8 00000001 b isActive
001321f9 00000001 b isRunning
001321fa 00000001 b shouldStop
001321fc 00000004 B gpuCmdBuf
00132200 00000004 B gpuCmdBufOffset
00132204 00000004 B gpuCmdBufSize
00132208 00000004 b gspEvent
0013220c 0000001c b gspEventCb
00132228 0000001c b gspEventCbData
00132244 00000007 b gspEventCbOneShot
0013224c 00000004 b gspEventThread
00132250 00000038 b gspEvents
00132288 00000004 b gspGpuHandle
0013228c 00000001 b gspGpuRight
00132290 00000004 b gspLastEvent
00132294 00000004 b gspRefCount
00132298 00000001 b gspRunEvents
0013229c 00000004 b gspSharedMem
001322a0 00000004 b gspSharedMemHandle
001322a4 00000001 b gspThreadId
001322a5 00000001 b aptChainloadFlags
001322a6 00000001 b aptChainloadMediatype
001322a8 00000008 b aptChainloadTid
001322b0 00000004 b aptEventHandlerThread
001322b4 00000001 b aptEventHandlerThreadQuit
001322b8 00000008 b aptEvents
001322c0 0000000c b aptFirstHook
001322cc 00000004 b aptFlags
001322d0 00000001 b aptHomeButtonState
001322d4 00000004 b aptLockHandle
001322d8 00000004 b aptMessageFunc
001322dc 00000004 b aptMessageFuncData
001322e0 00001000 b aptParameters
001332e0 00000008 b aptReceiveEvent
001332e8 00000004 b aptRefCount
001332ec 00000008 b aptSleepEvent
001332f4 00000001 b flagInit.1
001332f5 00000001 b flagValue.0
001332f8 00000004 b serviceName.6
001332fc 00000006 b aVec
00133304 00000004 b cPos
00133308 00000006 b gRate
00133310 00000014 B hidEvents
00133324 00000004 B hidHandle
00133328 00000004 B hidMemHandle
0013332c 00000004 b hidRefCount
00133330 00000004 B hidSharedMem
00133334 00000004 b kDown
00133338 00000004 b kHeld
0013333c 00000004 b kOld
00133340 00000004 b kRepeat
00133344 00000004 b kUp
00133348 00000004 b tPos
0013334c 00000001 b usingIrrst
00133350 00000004 b ptmSysmHandle
00133354 00000004 b ptmSysmRefCount
00133358 00000004 B __ctru_heap
0013335c 00000004 V __ctru_heap_size
00133360 00000004 B __ctru_linear_heap
00133364 00000004 V __ctru_linear_heap_size
00133368 00000004 B __system_retAddr
0013336c 00000004 B __system_argc
00133370 00000004 B __system_argv
00133374 b saved_stack
0013337c 00000004 b arbiter
00133380 00000004 b srvHandle
00133384 00000004 b srvRefCount
00133388 00000004 b currentAddr
0013338c 00000004 b maxAddr
00133390 00000004 b minAddr
00133394 00000004 b csPos
00133398 00000004 B irrstEvent
0013339c 00000004 B irrstHandle
001333a0 00000004 B irrstMemHandle
001333a4 00000004 b irrstRefCount
001333a8 00000004 B irrstSharedMem
001333ac 00000004 b kHeld
001333b0 00000004 b srvPmHandle
001333b4 00000004 b archive_device_cwd
001333b8 00000540 b archive_devices
001338f8 00000001 b archive_initialized
00133900 00000080 b fsExemptArchives
00133980 00000004 b fsuHandle
00133984 00000004 b fsuRefCount
00133988 00000028 B __malloc_current_mallinfo
001339b0 00000004 B __malloc_max_sbrked_mem
001339b4 00000004 B __malloc_max_total_mem
001339b8 00000004 B __malloc_top_pad
001339bc 00000004 b heap_start.0
001339c0 00000004 B fake_heap_end
001339c4 00000004 B fake_heap_start
001339c8 00000400 b temp_cwd
00133dc8 00000048 B __syscalls
00133e10 B __tls_start
00134a18 B __bss_end__
00134a18 A __end__
00134a18 B __tls_end
